<?xml version="1.0" encoding="UTF-8"?>
<!-- Generated by org.testng.reporters.JUnitReportReporter -->
<testsuite hostname="LAPTOP-MSNPBVKM" failures="0" tests="1" name="Module1_LoginTest.PBLoginTest" time="22.185" errors="0" timestamp="2023-05-03T11:37:11 IST" skipped="0">
  <testcase classname="Module1_LoginTest.PBLoginTest" name="verifyPN" time="22.185"/>
  <system-out/>
</testsuite> <!-- Module1_LoginTest.PBLoginTest -->
